<?xml version="1.0" encoding="UTF-8"?>
<testsuite xmlns:xsi="http://www.w3.org/2001/XMLSchema-instance" xsi:schemaLocation="https://maven.apache.org/surefire/maven-surefire-plugin/xsd/surefire-test-report.xsd" name="ec.simple.SimpleGroupedEvaluatorTest" time="0" tests="2" errors="0" skipped="0" failures="0">
  <properties>
[...]
</properties>
  <testcase name="testSetup" classname="ec.simple.SimpleGroupedEvaluatorTest" time="0"/>
  <testcase name="testEvaluate" classname="ec.simple.SimpleGroupedEvaluatorTest" time="0"/>
</testsuite>